\BOOKMARK [1][-]{section.1}{Introduction}{}% 1
\BOOKMARK [2][-]{subsection.1.1}{Introduction to the physics of LIGO}{section.1}% 2
\BOOKMARK [2][-]{subsection.1.2}{Introduction to Bayesian Inference for Gravitational Wave Analysis}{section.1}% 3
\BOOKMARK [1][-]{section.2}{Approach}{}% 4
\BOOKMARK [1][-]{section.3}{A Simple Bayesian Statistics Calculation}{}% 5
\BOOKMARK [1][-]{section.4}{An Example of Bayesian Inference for Binary In-Spirals}{}% 6
\BOOKMARK [2][-]{subsection.4.1}{Model Selection}{section.4}% 7
\BOOKMARK [2][-]{subsection.4.2}{Parameter Estimation}{section.4}% 8
\BOOKMARK [1][-]{section.5}{Running LALinference to Analyse A Candidate Event}{}% 9
\BOOKMARK [1][-]{section.6}{Determining a New Detection Statistic}{}% 10
\BOOKMARK [2][-]{subsection.6.1}{Preparing Sample Points}{section.6}% 11
\BOOKMARK [3][-]{subsubsection.6.1.1}{Sampled points from GSTlal Searches}{subsection.6.1}% 12
\BOOKMARK [3][-]{subsubsection.6.1.2}{Sampled Events from pyCBC searches}{subsection.6.1}% 13
\BOOKMARK [2][-]{subsection.6.2}{The Different forms of the Bayes Factor}{section.6}% 14
\BOOKMARK [2][-]{subsection.6.3}{Comparing Detection Statistics}{section.6}% 15
\BOOKMARK [3][-]{subsubsection.6.3.1}{Bayes Factors as a Detection Statistic}{subsection.6.3}% 16
\BOOKMARK [3][-]{subsubsection.6.3.2}{Bayes Coherence Ratio as a Detection Statistic}{subsection.6.3}% 17
\BOOKMARK [3][-]{subsubsection.6.3.3}{ Studying SNR, BSN and BR Together}{subsection.6.3}% 18
\BOOKMARK [2][-]{subsection.6.4}{Studying Real Events with the Bayes Coherence Ratio}{section.6}% 19
\BOOKMARK [1][-]{section.7}{Future Work }{}% 20
\BOOKMARK [1][-]{section.8}{Appendix}{}% 21
\BOOKMARK [2][-]{subsection.8.1}{Removal of Outliers with the Optimal SNR}{section.8}% 22
